<?xml version="1.0" encoding="UTF-8"?>
<testng-results ignored="1" total="7" passed="6" failed="0" skipped="0">
  <reporter-output>
  </reporter-output>
  <suite started-at="2022-11-08T23:50:14 IST" name="Default suite" finished-at="2022-11-08T23:50:14 IST" duration-ms="67">
    <groups>
      <group name="Smoke">
        <method signature="Test1.MobileSignOut()[pri:0, instance:test.Test1@140c9f39]" name="MobileSignOut" class="test.Test1"/>
      </group> <!-- Smoke -->
    </groups>
    <test started-at="2022-11-08T23:50:14 IST" name="Default test" finished-at="2022-11-08T23:50:14 IST" duration-ms="67">
      <class name="test.Test1">
        <test-method signature="MobileSignOut()[pri:0, instance:test.Test1@140c9f39]" started-at="2022-11-08T23:50:14 IST" name="MobileSignOut" finished-at="2022-11-08T23:50:14 IST" duration-ms="9" status="PASS">
          <reporter-output>
          </reporter-output>
        </test-method> <!-- MobileSignOut -->
        <test-method is-config="true" signature="AfMethod()[pri:0, instance:test.Test1@140c9f39]" started-at="2022-11-08T23:50:14 IST" name="AfMethod" finished-at="2022-11-08T23:50:14 IST" duration-ms="1" status="PASS">
          <reporter-output>
          </reporter-output>
        </test-method> <!-- AfMethod -->
        <test-method signature="WebLogin(java.lang.String,java.lang.String)[pri:0, instance:test.Test1@140c9f39]" started-at="2022-11-08T23:50:14 IST" name="WebLogin" data-provider="getData" finished-at="2022-11-08T23:50:14 IST" duration-ms="1" status="PASS">
          <params>
            <param index="0">
              <value>
                <![CDATA[firstusername]]>
              </value>
            </param>
            <param index="1">
              <value>
                <![CDATA[password1]]>
              </value>
            </param>
          </params>
          <reporter-output>
          </reporter-output>
        </test-method> <!-- WebLogin -->
        <test-method is-config="true" signature="AfMethod()[pri:0, instance:test.Test1@140c9f39]" started-at="2022-11-08T23:50:14 IST" name="AfMethod" finished-at="2022-11-08T23:50:14 IST" duration-ms="1" status="PASS">
          <reporter-output>
          </reporter-output>
        </test-method> <!-- AfMethod -->
        <test-method signature="WebLogin(java.lang.String,java.lang.String)[pri:0, instance:test.Test1@140c9f39]" started-at="2022-11-08T23:50:14 IST" name="WebLogin" data-provider="getData" finished-at="2022-11-08T23:50:14 IST" duration-ms="1" status="PASS">
          <params>
            <param index="0">
              <value>
                <![CDATA[secondusername]]>
              </value>
            </param>
            <param index="1">
              <value>
                <![CDATA[secondpassword]]>
              </value>
            </param>
          </params>
          <reporter-output>
          </reporter-output>
        </test-method> <!-- WebLogin -->
        <test-method is-config="true" signature="AfMethod()[pri:0, instance:test.Test1@140c9f39]" started-at="2022-11-08T23:50:14 IST" name="AfMethod" finished-at="2022-11-08T23:50:14 IST" duration-ms="0" status="PASS">
          <reporter-output>
          </reporter-output>
        </test-method> <!-- AfMethod -->
        <test-method signature="WebLogin(java.lang.String,java.lang.String)[pri:0, instance:test.Test1@140c9f39]" started-at="2022-11-08T23:50:14 IST" name="WebLogin" data-provider="getData" finished-at="2022-11-08T23:50:14 IST" duration-ms="1" status="PASS">
          <params>
            <param index="0">
              <value>
                <![CDATA[thirdusername]]>
              </value>
            </param>
            <param index="1">
              <value>
                <![CDATA[thirdpassword]]>
              </value>
            </param>
          </params>
          <reporter-output>
          </reporter-output>
        </test-method> <!-- WebLogin -->
        <test-method is-config="true" signature="AfMethod()[pri:0, instance:test.Test1@140c9f39]" started-at="2022-11-08T23:50:14 IST" name="AfMethod" finished-at="2022-11-08T23:50:14 IST" duration-ms="0" status="PASS">
          <reporter-output>
          </reporter-output>
        </test-method> <!-- AfMethod -->
        <test-method signature="MobileSignIn()[pri:0, instance:test.Test1@140c9f39]" started-at="2022-11-08T23:50:14 IST" name="MobileSignIn" finished-at="2022-11-08T23:50:14 IST" duration-ms="4" status="PASS">
          <reporter-output>
          </reporter-output>
        </test-method> <!-- MobileSignIn -->
        <test-method is-config="true" signature="AfMethod()[pri:0, instance:test.Test1@140c9f39]" started-at="2022-11-08T23:50:14 IST" name="AfMethod" finished-at="2022-11-08T23:50:14 IST" duration-ms="0" status="PASS">
          <reporter-output>
          </reporter-output>
        </test-method> <!-- AfMethod -->
        <test-method signature="aPILogin()[pri:0, instance:test.Test1@140c9f39]" started-at="2022-11-08T23:50:14 IST" name="aPILogin" finished-at="2022-11-08T23:50:14 IST" depends-on-methods="test.Test1.WebLogin" duration-ms="1" status="PASS">
          <reporter-output>
          </reporter-output>
        </test-method> <!-- aPILogin -->
        <test-method is-config="true" signature="AfMethod()[pri:0, instance:test.Test1@140c9f39]" started-at="2022-11-08T23:50:14 IST" name="AfMethod" finished-at="2022-11-08T23:50:14 IST" duration-ms="0" status="PASS">
          <reporter-output>
          </reporter-output>
        </test-method> <!-- AfMethod -->
      </class> <!-- test.Test1 -->
    </test> <!-- Default test -->
  </suite> <!-- Default suite -->
</testng-results>
