<?xml version="1.0" encoding="UTF-8"?>
<!-- Generated by org.testng.reporters.JUnitXMLReporter -->
<testsuite ignored="6" hostname="LAPTOP-NK0NC7FT" failures="0" tests="5" name="Regression" time="0.051" errors="0" timestamp="2022-11-03T21:34:21 IST">
  <testcase classname="test.Testing" name="Demo1" time="0.007"/>
  <testcase classname="test.TestNG" name="Word" time="0.001"/>
  <testcase classname="test.Test1" name="MobileSignIn" time="0.001"/>
  <testcase classname="test.Test2" name="APILoginHome" time="0.0"/>
  <testcase classname="test.Test2" name="WebLoginHome" time="0.001"/>
  <testcase classname="test.Test1" name="MobileLogin" time="0.0">
    <ignored/>
  </testcase> <!-- MobileLogin -->
  <testcase classname="test.Test1" name="WebLogin" time="0.0">
    <ignored/>
  </testcase> <!-- WebLogin -->
  <testcase classname="test.Test1" name="MobileSignOut" time="0.0">
    <ignored/>
  </testcase> <!-- MobileSignOut -->
  <testcase classname="test.Test1" name="APILogin" time="0.0">
    <ignored/>
  </testcase> <!-- APILogin -->
  <testcase classname="test.TestNG" name="Demo" time="0.0">
    <ignored/>
  </testcase> <!-- Demo -->
  <testcase classname="test.Test2" name="MobileLoginHome" time="0.0">
    <ignored/>
  </testcase> <!-- MobileLoginHome -->
</testsuite> <!-- Regression -->
