<?xml version="1.0" encoding="UTF-8"?>
<!-- Generated by org.testng.reporters.JUnitXMLReporter -->
<testsuite ignored="1" hostname="LAPTOP-NK0NC7FT" failures="1" tests="2" name="Error Validations Test" time="9.905" errors="0" timestamp="2022-11-11T02:17:01 IST">
  <testcase classname="ayushiagarwal.Tests.ErrorValidationsTest" name="loginValidation" time="0.595">
    <skipped/>
  </testcase> <!-- loginValidation -->
  <testcase classname="ayushiagarwal.Tests.ErrorValidationsTest" name="loginValidation" time="0.576">
    <failure type="java.lang.AssertionError" message="expected [Incorrect email or password.] but found [Incorrect email password.]">
      <![CDATA[java.lang.AssertionError: expected [Incorrect email or password.] but found [Incorrect email password.]
at ayushiagarwal.Tests.ErrorValidationsTest.loginValidation(ErrorValidationsTest.java:20)
at java.base/java.util.ArrayList.forEach(ArrayList.java:1511)
... Removed 33 stack frames]]>
    </failure>
  </testcase> <!-- loginValidation -->
  <testcase classname="ayushiagarwal.Tests.ErrorValidationsTest" name="productValidation" time="0.0">
    <ignored/>
  </testcase> <!-- productValidation -->
</testsuite> <!-- Error Validations Test -->
