<?xml version="1.0" encoding="UTF-8"?>
<testng-results ignored="0" total="1" passed="1" failed="0" skipped="0">
  <reporter-output>
  </reporter-output>
  <suite started-at="2022-11-09T23:28:11 IST" name="Default suite" finished-at="2022-11-09T23:28:35 IST" duration-ms="24603">
    <groups>
    </groups>
    <test started-at="2022-11-09T23:28:11 IST" name="Default test" finished-at="2022-11-09T23:28:35 IST" duration-ms="24603">
      <class name="ayushiagarwal.ExtentReports.ExtentReportDemo">
        <test-method is-config="true" signature="config()[pri:0, instance:ayushiagarwal.ExtentReports.ExtentReportDemo@130c12b7]" started-at="2022-11-09T23:28:11 IST" name="config" finished-at="2022-11-09T23:28:13 IST" duration-ms="2201" status="PASS">
          <reporter-output>
          </reporter-output>
        </test-method> <!-- config -->
        <test-method signature="initialDemo()[pri:0, instance:ayushiagarwal.ExtentReports.ExtentReportDemo@130c12b7]" started-at="2022-11-09T23:28:13 IST" name="initialDemo" finished-at="2022-11-09T23:28:35 IST" duration-ms="22360" status="PASS">
          <reporter-output>
          </reporter-output>
        </test-method> <!-- initialDemo -->
      </class> <!-- ayushiagarwal.ExtentReports.ExtentReportDemo -->
    </test> <!-- Default test -->
  </suite> <!-- Default suite -->
</testng-results>
