<?xml version="1.0" encoding="UTF-8"?>
<testng-results ignored="0" total="3" passed="3" failed="0" skipped="0">
  <reporter-output>
  </reporter-output>
  <suite started-at="2022-11-13T16:19:25Z" name="Default suite" finished-at="2022-11-13T16:19:26Z" duration-ms="1114">
    <groups>
    </groups>
    <test started-at="2022-11-13T16:19:25Z" name="Default test" finished-at="2022-11-13T16:19:26Z" duration-ms="1114">
      <class name="excelDriven.excelDataProvider.dataProvider">
        <test-method signature="testCaseData(java.lang.String, java.lang.String, java.lang.String)[pri:0, instance:excelDriven.excelDataProvider.dataProvider@5ddcc487]" started-at="2022-11-13T16:19:26Z" name="testCaseData" data-provider="getData" finished-at="2022-11-13T16:19:26Z" duration-ms="13" status="PASS">
          <params>
            <param index="0">
              <value>
                <![CDATA[hello]]>
              </value>
            </param>
            <param index="1">
              <value>
                <![CDATA[message]]>
              </value>
            </param>
            <param index="2">
              <value>
                <![CDATA[1]]>
              </value>
            </param>
          </params>
          <reporter-output>
          </reporter-output>
        </test-method> <!-- testCaseData -->
        <test-method signature="testCaseData(java.lang.String, java.lang.String, java.lang.String)[pri:0, instance:excelDriven.excelDataProvider.dataProvider@5ddcc487]" started-at="2022-11-13T16:19:26Z" name="testCaseData" data-provider="getData" finished-at="2022-11-13T16:19:26Z" duration-ms="1" status="PASS">
          <params>
            <param index="0">
              <value>
                <![CDATA[bye]]>
              </value>
            </param>
            <param index="1">
              <value>
                <![CDATA[text]]>
              </value>
            </param>
            <param index="2">
              <value>
                <![CDATA[879]]>
              </value>
            </param>
          </params>
          <reporter-output>
          </reporter-output>
        </test-method> <!-- testCaseData -->
        <test-method signature="testCaseData(java.lang.String, java.lang.String, java.lang.String)[pri:0, instance:excelDriven.excelDataProvider.dataProvider@5ddcc487]" started-at="2022-11-13T16:19:26Z" name="testCaseData" data-provider="getData" finished-at="2022-11-13T16:19:26Z" duration-ms="2" status="PASS">
          <params>
            <param index="0">
              <value>
                <![CDATA[solo]]>
              </value>
            </param>
            <param index="1">
              <value>
                <![CDATA[call]]>
              </value>
            </param>
            <param index="2">
              <value>
                <![CDATA[345]]>
              </value>
            </param>
          </params>
          <reporter-output>
          </reporter-output>
        </test-method> <!-- testCaseData -->
      </class> <!-- excelDriven.excelDataProvider.dataProvider -->
    </test> <!-- Default test -->
  </suite> <!-- Default suite -->
</testng-results>
