<?xml version="1.0" encoding="UTF-8"?>
<testng-results skipped="0" failed="0" ignored="0" total="6" passed="6">
  <reporter-output>
  </reporter-output>
  <suite name="Orders" duration-ms="95598" started-at="2022-11-20T08:08:10Z" finished-at="2022-11-20T08:09:45Z">
    <groups>
      <group name="Purchase">
        <method signature="SubmitOrderTest.submitOrder(java.util.HashMap)[pri:0, instance:ayushiagarwal.Tests.SubmitOrderTest@378542de]" name="submitOrder" class="ayushiagarwal.Tests.SubmitOrderTest"/>
      </group> <!-- Purchase -->
      <group name="ErrorHandling">
        <method signature="ErrorValidationsTest.loginValidation()[pri:0, instance:ayushiagarwal.Tests.ErrorValidationsTest@31e5415e]" name="loginValidation" class="ayushiagarwal.Tests.ErrorValidationsTest"/>
      </group> <!-- ErrorHandling -->
    </groups>
    <test name="Error Validations Test" duration-ms="60351" started-at="2022-11-20T08:08:10Z" finished-at="2022-11-20T08:09:10Z">
      <class name="ayushiagarwal.Tests.ErrorValidationsTest">
        <test-method status="PASS" signature="launchApplication()[pri:0, instance:ayushiagarwal.Tests.ErrorValidationsTest@31e5415e]" name="launchApplication" is-config="true" duration-ms="15032" started-at="2022-11-20T08:08:10Z" finished-at="2022-11-20T08:08:25Z">
          <reporter-output>
          </reporter-output>
        </test-method> <!-- launchApplication -->
        <test-method status="PASS" signature="loginValidation()[pri:0, instance:ayushiagarwal.Tests.ErrorValidationsTest@31e5415e]" name="loginValidation" duration-ms="1070" started-at="2022-11-20T08:08:25Z" finished-at="2022-11-20T08:08:26Z">
          <reporter-output>
          </reporter-output>
        </test-method> <!-- loginValidation -->
        <test-method status="PASS" signature="tearDown()[pri:0, instance:ayushiagarwal.Tests.ErrorValidationsTest@31e5415e]" name="tearDown" is-config="true" duration-ms="316" started-at="2022-11-20T08:08:26Z" finished-at="2022-11-20T08:08:26Z">
          <reporter-output>
          </reporter-output>
        </test-method> <!-- tearDown -->
        <test-method status="PASS" signature="launchApplication()[pri:0, instance:ayushiagarwal.Tests.ErrorValidationsTest@31e5415e]" name="launchApplication" is-config="true" duration-ms="4800" started-at="2022-11-20T08:08:26Z" finished-at="2022-11-20T08:08:31Z">
          <reporter-output>
          </reporter-output>
        </test-method> <!-- launchApplication -->
        <test-method status="PASS" signature="productValidation()[pri:0, instance:ayushiagarwal.Tests.ErrorValidationsTest@31e5415e]" name="productValidation" duration-ms="22795" started-at="2022-11-20T08:08:31Z" finished-at="2022-11-20T08:08:54Z">
          <reporter-output>
          </reporter-output>
        </test-method> <!-- productValidation -->
        <test-method status="PASS" signature="tearDown()[pri:0, instance:ayushiagarwal.Tests.ErrorValidationsTest@31e5415e]" name="tearDown" is-config="true" duration-ms="16225" started-at="2022-11-20T08:08:54Z" finished-at="2022-11-20T08:09:10Z">
          <reporter-output>
          </reporter-output>
        </test-method> <!-- tearDown -->
      </class> <!-- ayushiagarwal.Tests.ErrorValidationsTest -->
    </test> <!-- Error Validations Test -->
    <test name="Submit Order Test" duration-ms="95597" started-at="2022-11-20T08:08:10Z" finished-at="2022-11-20T08:09:45Z">
      <class name="ayushiagarwal.Tests.SubmitOrderTest">
        <test-method status="PASS" signature="launchApplication()[pri:0, instance:ayushiagarwal.Tests.SubmitOrderTest@378542de]" name="launchApplication" is-config="true" duration-ms="13852" started-at="2022-11-20T08:08:11Z" finished-at="2022-11-20T08:08:25Z">
          <reporter-output>
          </reporter-output>
        </test-method> <!-- launchApplication -->
        <test-method status="PASS" signature="submitOrder(java.util.HashMap)[pri:0, instance:ayushiagarwal.Tests.SubmitOrderTest@378542de]" name="submitOrder" duration-ms="16540" started-at="2022-11-20T08:08:25Z" data-provider="getData" finished-at="2022-11-20T08:08:41Z">
          <params>
            <param index="0">
              <value>
                <![CDATA[{password=Test@123, product=ZARA COAT 3, email=Test!23@gmail.com}]]>
              </value>
            </param>
          </params>
          <reporter-output>
          </reporter-output>
        </test-method> <!-- submitOrder -->
        <test-method status="PASS" signature="tearDown()[pri:0, instance:ayushiagarwal.Tests.SubmitOrderTest@378542de]" name="tearDown" is-config="true" duration-ms="130" started-at="2022-11-20T08:08:41Z" finished-at="2022-11-20T08:08:41Z">
          <reporter-output>
          </reporter-output>
        </test-method> <!-- tearDown -->
        <test-method status="PASS" signature="launchApplication()[pri:0, instance:ayushiagarwal.Tests.SubmitOrderTest@378542de]" name="launchApplication" is-config="true" duration-ms="4293" started-at="2022-11-20T08:08:41Z" finished-at="2022-11-20T08:08:46Z">
          <reporter-output>
          </reporter-output>
        </test-method> <!-- launchApplication -->
        <test-method status="PASS" signature="submitOrder(java.util.HashMap)[pri:0, instance:ayushiagarwal.Tests.SubmitOrderTest@378542de]" name="submitOrder" duration-ms="16542" started-at="2022-11-20T08:08:46Z" data-provider="getData" finished-at="2022-11-20T08:09:02Z">
          <params>
            <param index="0">
              <value>
                <![CDATA[{password=News@123, product=ADIDAS ORIGINAL, email=New!23@gmail.com}]]>
              </value>
            </param>
          </params>
          <reporter-output>
          </reporter-output>
        </test-method> <!-- submitOrder -->
        <test-method status="PASS" signature="tearDown()[pri:0, instance:ayushiagarwal.Tests.SubmitOrderTest@378542de]" name="tearDown" is-config="true" duration-ms="16251" started-at="2022-11-20T08:09:02Z" finished-at="2022-11-20T08:09:18Z">
          <reporter-output>
          </reporter-output>
        </test-method> <!-- tearDown -->
        <test-method status="PASS" signature="launchApplication()[pri:0, instance:ayushiagarwal.Tests.SubmitOrderTest@378542de]" name="launchApplication" is-config="true" duration-ms="3835" started-at="2022-11-20T08:09:18Z" finished-at="2022-11-20T08:09:22Z">
          <reporter-output>
          </reporter-output>
        </test-method> <!-- launchApplication -->
        <test-method status="PASS" signature="orderHistoryTest(java.util.HashMap)[pri:0, instance:ayushiagarwal.Tests.SubmitOrderTest@378542de]" name="orderHistoryTest" duration-ms="1230" started-at="2022-11-20T08:09:22Z" data-provider="getData" depends-on-methods="ayushiagarwal.Tests.SubmitOrderTest.submitOrder" finished-at="2022-11-20T08:09:23Z">
          <params>
            <param index="0">
              <value>
                <![CDATA[{password=Test@123, product=ZARA COAT 3, email=Test!23@gmail.com}]]>
              </value>
            </param>
          </params>
          <reporter-output>
          </reporter-output>
        </test-method> <!-- orderHistoryTest -->
        <test-method status="PASS" signature="tearDown()[pri:0, instance:ayushiagarwal.Tests.SubmitOrderTest@378542de]" name="tearDown" is-config="true" duration-ms="101" started-at="2022-11-20T08:09:23Z" finished-at="2022-11-20T08:09:24Z">
          <reporter-output>
          </reporter-output>
        </test-method> <!-- tearDown -->
        <test-method status="PASS" signature="launchApplication()[pri:0, instance:ayushiagarwal.Tests.SubmitOrderTest@378542de]" name="launchApplication" is-config="true" duration-ms="4274" started-at="2022-11-20T08:09:24Z" finished-at="2022-11-20T08:09:28Z">
          <reporter-output>
          </reporter-output>
        </test-method> <!-- launchApplication -->
        <test-method status="PASS" signature="orderHistoryTest(java.util.HashMap)[pri:0, instance:ayushiagarwal.Tests.SubmitOrderTest@378542de]" name="orderHistoryTest" duration-ms="1173" started-at="2022-11-20T08:09:28Z" data-provider="getData" depends-on-methods="ayushiagarwal.Tests.SubmitOrderTest.submitOrder" finished-at="2022-11-20T08:09:29Z">
          <params>
            <param index="0">
              <value>
                <![CDATA[{password=News@123, product=ADIDAS ORIGINAL, email=New!23@gmail.com}]]>
              </value>
            </param>
          </params>
          <reporter-output>
          </reporter-output>
        </test-method> <!-- orderHistoryTest -->
        <test-method status="PASS" signature="tearDown()[pri:0, instance:ayushiagarwal.Tests.SubmitOrderTest@378542de]" name="tearDown" is-config="true" duration-ms="16248" started-at="2022-11-20T08:09:29Z" finished-at="2022-11-20T08:09:45Z">
          <reporter-output>
          </reporter-output>
        </test-method> <!-- tearDown -->
      </class> <!-- ayushiagarwal.Tests.SubmitOrderTest -->
    </test> <!-- Submit Order Test -->
  </suite> <!-- Orders -->
</testng-results>
