<?xml version="1.0" encoding="UTF-8"?>
<!-- Generated by org.testng.reporters.JUnitXMLReporter -->
<testsuite ignored="1" hostname="LAPTOP-NK0NC7FT" failures="0" tests="6" name="Default test" time="0.067" errors="0" timestamp="2022-11-08T23:50:14 IST">
  <testcase classname="test.Test1" name="MobileSignOut" time="0.009"/>
  <testcase classname="test.Test1" name="WebLogin" time="0.001"/>
  <testcase classname="test.Test1" name="WebLogin" time="0.001"/>
  <testcase classname="test.Test1" name="WebLogin" time="0.001"/>
  <testcase classname="test.Test1" name="MobileSignIn" time="0.004"/>
  <testcase classname="test.Test1" name="aPILogin" time="0.001"/>
  <testcase classname="test.Test1" name="MobileLogin" time="0.0">
    <ignored/>
  </testcase> <!-- MobileLogin -->
</testsuite> <!-- Default test -->
