<?xml version="1.0" encoding="UTF-8"?>
<!-- Generated by org.testng.reporters.JUnitXMLReporter -->
<testsuite hostname="LAPTOP-NK0NC7FT" ignored="0" name="Error Validations Test" tests="2" failures="0" timestamp="20 Nov 2022 08:09:10 GMT" time="60.351" errors="0">
  <testcase name="loginValidation" time="1.07" classname="ayushiagarwal.Tests.ErrorValidationsTest"/>
  <testcase name="productValidation" time="22.795" classname="ayushiagarwal.Tests.ErrorValidationsTest"/>
</testsuite> <!-- Error Validations Test -->
