<?xml version="1.0" encoding="UTF-8"?>
<!-- Generated by org.testng.reporters.JUnitXMLReporter -->
<testsuite hostname="LAPTOP-NK0NC7FT" ignored="0" name="Submit Order Test" tests="4" failures="0" timestamp="20 Nov 2022 08:09:45 GMT" time="95.597" errors="0">
  <testcase name="submitOrder" time="16.54" classname="ayushiagarwal.Tests.SubmitOrderTest"/>
  <testcase name="submitOrder" time="16.542" classname="ayushiagarwal.Tests.SubmitOrderTest"/>
  <testcase name="orderHistoryTest" time="1.23" classname="ayushiagarwal.Tests.SubmitOrderTest"/>
  <testcase name="orderHistoryTest" time="1.173" classname="ayushiagarwal.Tests.SubmitOrderTest"/>
</testsuite> <!-- Submit Order Test -->
