<?xml version="1.0" encoding="UTF-8"?>
<testng-results ignored="0" total="1" passed="1" failed="0" skipped="0">
  <reporter-output>
  </reporter-output>
  <suite started-at="2022-10-31T00:39:36 IST" name="Default suite" finished-at="2022-10-31T00:39:36 IST" duration-ms="43">
    <groups>
    </groups>
    <test started-at="2022-10-31T00:39:36 IST" name="Default test" finished-at="2022-10-31T00:39:36 IST" duration-ms="43">
      <class name="ListNames">
        <test-method signature="streamCollect()[pri:0, instance:ListNames@7e5afaa6]" started-at="2022-10-31T00:39:36 IST" name="streamCollect" finished-at="2022-10-31T00:39:36 IST" duration-ms="9" status="PASS">
          <reporter-output>
          </reporter-output>
        </test-method> <!-- streamCollect -->
      </class> <!-- ListNames -->
    </test> <!-- Default test -->
  </suite> <!-- Default suite -->
</testng-results>
