<?xml version="1.0" encoding="UTF-8"?>
<!-- Generated by org.testng.reporters.JUnitXMLReporter -->
<testsuite ignored="2" hostname="LAPTOP-NK0NC7FT" failures="0" tests="8" name="Car Loan" time="0.063" errors="0" timestamp="2022-11-04T02:47:38 IST">
  <testcase classname="test.Test1" name="MobileSignIn" time="0.006"/>
  <testcase classname="test.Test1" name="MobileSignOut" time="0.002"/>
  <testcase classname="test.Test1" name="WebLogin" time="0.001"/>
  <testcase classname="test.Test1" name="WebLogin" time="0.001"/>
  <testcase classname="test.Test1" name="WebLogin" time="0.001"/>
  <testcase classname="test.Test2" name="APILoginHome" time="0.001"/>
  <testcase classname="test.Test2" name="MobileLoginHome" time="0.001"/>
  <testcase classname="test.Test2" name="WebLoginHome" time="0.001"/>
  <testcase classname="test.Test1" name="MobileLogin" time="0.0">
    <ignored/>
  </testcase> <!-- MobileLogin -->
  <testcase classname="test.Test1" name="APILogin" time="0.0">
    <ignored/>
  </testcase> <!-- APILogin -->
</testsuite> <!-- Car Loan -->
