<?xml version="1.0" encoding="UTF-8"?>
<!-- Generated by org.testng.reporters.JUnitXMLReporter -->
<testsuite ignored="1" hostname="LAPTOP-NK0NC7FT" failures="0" tests="2" name="Personal Loan" time="0.044" errors="0" timestamp="2022-11-04T02:47:38 IST">
  <testcase classname="test.Testing" name="Demo1" time="0.004"/>
  <testcase classname="test.TestNG" name="Demo" time="0.001"/>
  <testcase classname="test.TestNG" name="Word" time="0.0">
    <ignored/>
  </testcase> <!-- Word -->
</testsuite> <!-- Personal Loan -->
